<?xml version="1.0" encoding="UTF-8"?>
<testsuite name="Academy Choucair" tests="1" skipped="0" failures="0" errors="0" timestamp="2021-07-18T17:08:02" hostname="DESKTOP-CEPUD8D" time="37.367">
  <properties/>
  <testcase name="Search for automation course" classname="Academy Choucair" time="37.367"/>
  <system-out><![CDATA[]]></system-out>
  <system-err><![CDATA[[Test worker] WARN net.thucydides.core.steps.BaseStepListener - stepStarted: net.thucydides.core.steps.ExecutedStepDescription@245303c0
[Test worker] WARN net.thucydides.core.steps.BaseStepListener - stepStarted: net.thucydides.core.steps.ExecutedStepDescription@41ea1592
[Test worker] WARN net.thucydides.core.steps.BaseStepListener - stepStarted: net.thucydides.core.steps.ExecutedStepDescription@224881ce
jul 18, 2021 12:08:03 PM org.openqa.selenium.remote.DesiredCapabilities chrome
INFORMACIÓN: Using `new ChromeOptions()` is preferred to `DesiredCapabilities.chrome()`
[Test worker] INFO net.serenitybdd.core.webdriver.driverproviders.ProvideNewDriver - Instantiating driver
[Test worker] INFO net.serenitybdd.core.webdriver.driverproviders.ProvideNewDriver - Driver capabilities: Capabilities {acceptInsecureCerts: false, browserName: chrome, chrome.switches: --start-maximized, goog:chromeOptions: {args: [--start-maximized], extensions: []}, loggingPrefs: org.openqa.selenium.logging..., platform: ANY, version: }
Starting ChromeDriver 91.0.4472.101 (af52a90bf87030dd1523486a1cd3ae25c5d76c9b-refs/branch-heads/4472@{#1462}) on port 1801
Only local connections are allowed.
Please see https://chromedriver.chromium.org/security-considerations for suggestions on keeping ChromeDriver safe.
ChromeDriver was started successfully.
jul 18, 2021 12:08:08 PM org.openqa.selenium.remote.ProtocolHandshake createSession
INFORMACIÓN: Detected dialect: W3C
[Test worker] WARN net.thucydides.core.steps.BaseStepListener - stepFinished: current outcome:Search for automation course:Given than Brandon wants to learn automation at the academy Choucair [Brandon open up [Brandon opens the Choucair academy page]]
[Test worker] WARN net.thucydides.core.steps.BaseStepListener - stepFinished: current outcome:Search for automation course:Given than Brandon wants to learn automation at the academy Choucair [Brandon open up [Brandon opens the Choucair academy page]]
[Test worker] WARN net.thucydides.core.steps.BaseStepListener - stepStarted: net.thucydides.core.steps.ExecutedStepDescription@37e9a1c7
[Test worker] WARN net.thucydides.core.steps.BaseStepListener - stepStarted: net.thucydides.core.steps.ExecutedStepDescription@adb6f30
[Test worker] WARN net.thucydides.core.steps.BaseStepListener - stepFinished: current outcome:Search for automation course:Given than Brandon wants to learn automation at the academy Choucair [Brandon open up [Brandon opens the Choucair academy page], Brandon login [Brandon clicks on button that shows us the form the login]]
[Test worker] WARN net.thucydides.core.steps.BaseStepListener - stepStarted: net.thucydides.core.steps.ExecutedStepDescription@25477f96
[Test worker] WARN net.thucydides.core.steps.BaseStepListener - stepFinished: current outcome:Search for automation course:Given than Brandon wants to learn automation at the academy Choucair [Brandon open up [Brandon opens the Choucair academy page], Brandon login [Brandon clicks on button that shows us the form the login, Brandon enters '8820413' into Where the user write the username]]
[Test worker] WARN net.thucydides.core.steps.BaseStepListener - stepStarted: net.thucydides.core.steps.ExecutedStepDescription@1f305dc2
[Test worker] WARN net.thucydides.core.steps.BaseStepListener - stepFinished: current outcome:Search for automation course:Given than Brandon wants to learn automation at the academy Choucair [Brandon open up [Brandon opens the Choucair academy page], Brandon login [Brandon clicks on button that shows us the form the login, Brandon enters '8820413' into Where the user write the username, Brandon enters 'Choucair2021*' into Where the user write the password]]
[Test worker] WARN net.thucydides.core.steps.BaseStepListener - stepStarted: net.thucydides.core.steps.ExecutedStepDescription@412680a1
[Test worker] WARN net.thucydides.core.steps.BaseStepListener - stepFinished: current outcome:Search for automation course:Given than Brandon wants to learn automation at the academy Choucair [Brandon open up [Brandon opens the Choucair academy page], Brandon login [Brandon clicks on button that shows us the form the login, Brandon enters '8820413' into Where the user write the username, Brandon enters 'Choucair2021*' into Where the user write the password, Brandon clicks on Button to access]]
[Test worker] WARN net.thucydides.core.steps.BaseStepListener - stepFinished: current outcome:Search for automation course:Given than Brandon wants to learn automation at the academy Choucair [Brandon open up [Brandon opens the Choucair academy page], Brandon login [Brandon clicks on button that shows us the form the login, Brandon enters '8820413' into Where the user write the username, Brandon enters 'Choucair2021*' into Where the user write the password, Brandon clicks on Button to access]]
[Test worker] WARN net.thucydides.core.steps.BaseStepListener - stepFinished: current outcome:Search for automation course:Given than Brandon wants to learn automation at the academy Choucair [Brandon open up [Brandon opens the Choucair academy page], Brandon login [Brandon clicks on button that shows us the form the login, Brandon enters '8820413' into Where the user write the username, Brandon enters 'Choucair2021*' into Where the user write the password, Brandon clicks on Button to access]]
[Test worker] WARN net.thucydides.core.steps.BaseStepListener - stepStarted: net.thucydides.core.steps.ExecutedStepDescription@7f843e2d
[Test worker] WARN net.thucydides.core.steps.BaseStepListener - stepStarted: net.thucydides.core.steps.ExecutedStepDescription@3d6489de
[Test worker] WARN net.thucydides.core.steps.BaseStepListener - stepStarted: net.thucydides.core.steps.ExecutedStepDescription@3f668523
[Test worker] WARN net.thucydides.core.steps.BaseStepListener - stepFinished: current outcome:Search for automation course:Given than Brandon wants to learn automation at the academy Choucair [Brandon open up [Brandon opens the Choucair academy page], Brandon login [Brandon clicks on button that shows us the form the login, Brandon enters '8820413' into Where the user write the username, Brandon enters 'Choucair2021*' into Where the user write the password, Brandon clicks on Button to access]], When he search for the course Metodología Bancolombia  on the choucair academy platform [Brandon search [Brandon clicks on Choose what kind of course]]
[Test worker] WARN net.thucydides.core.steps.BaseStepListener - stepStarted: net.thucydides.core.steps.ExecutedStepDescription@1172a600
[Test worker] WARN net.thucydides.core.steps.BaseStepListener - stepFinished: current outcome:Search for automation course:Given than Brandon wants to learn automation at the academy Choucair [Brandon open up [Brandon opens the Choucair academy page], Brandon login [Brandon clicks on button that shows us the form the login, Brandon enters '8820413' into Where the user write the username, Brandon enters 'Choucair2021*' into Where the user write the password, Brandon clicks on Button to access]], When he search for the course Metodología Bancolombia  on the choucair academy platform [Brandon search [Brandon clicks on Choose what kind of course, Brandon enters 'Metodología Bancolombia ' into Where the user write the course]]
[Test worker] WARN net.thucydides.core.steps.BaseStepListener - stepStarted: net.thucydides.core.steps.ExecutedStepDescription@9ce87c2
[Test worker] WARN net.thucydides.core.steps.BaseStepListener - stepFinished: current outcome:Search for automation course:Given than Brandon wants to learn automation at the academy Choucair [Brandon open up [Brandon opens the Choucair academy page], Brandon login [Brandon clicks on button that shows us the form the login, Brandon enters '8820413' into Where the user write the username, Brandon enters 'Choucair2021*' into Where the user write the password, Brandon clicks on Button to access]], When he search for the course Metodología Bancolombia  on the choucair academy platform [Brandon search [Brandon clicks on Choose what kind of course, Brandon enters 'Metodología Bancolombia ' into Where the user write the course, Brandon clicks on Click me to search the course]]
[Test worker] WARN net.thucydides.core.steps.BaseStepListener - stepStarted: net.thucydides.core.steps.ExecutedStepDescription@60ec5837
[Test worker] WARN net.thucydides.core.steps.BaseStepListener - stepFinished: current outcome:Search for automation course:Given than Brandon wants to learn automation at the academy Choucair [Brandon open up [Brandon opens the Choucair academy page], Brandon login [Brandon clicks on button that shows us the form the login, Brandon enters '8820413' into Where the user write the username, Brandon enters 'Choucair2021*' into Where the user write the password, Brandon clicks on Button to access]], When he search for the course Metodología Bancolombia  on the choucair academy platform [Brandon search [Brandon clicks on Choose what kind of course, Brandon enters 'Metodología Bancolombia ' into Where the user write the course, Brandon clicks on Click me to search the course, Brandon clicks on Open the course]]
[Test worker] WARN net.thucydides.core.steps.BaseStepListener - stepFinished: current outcome:Search for automation course:Given than Brandon wants to learn automation at the academy Choucair [Brandon open up [Brandon opens the Choucair academy page], Brandon login [Brandon clicks on button that shows us the form the login, Brandon enters '8820413' into Where the user write the username, Brandon enters 'Choucair2021*' into Where the user write the password, Brandon clicks on Button to access]], When he search for the course Metodología Bancolombia  on the choucair academy platform [Brandon search [Brandon clicks on Choose what kind of course, Brandon enters 'Metodología Bancolombia ' into Where the user write the course, Brandon clicks on Click me to search the course, Brandon clicks on Open the course]]
[Test worker] WARN net.thucydides.core.steps.BaseStepListener - stepFinished: current outcome:Search for automation course:Given than Brandon wants to learn automation at the academy Choucair [Brandon open up [Brandon opens the Choucair academy page], Brandon login [Brandon clicks on button that shows us the form the login, Brandon enters '8820413' into Where the user write the username, Brandon enters 'Choucair2021*' into Where the user write the password, Brandon clicks on Button to access]], When he search for the course Metodología Bancolombia  on the choucair academy platform [Brandon search [Brandon clicks on Choose what kind of course, Brandon enters 'Metodología Bancolombia ' into Where the user write the course, Brandon clicks on Click me to search the course, Brandon clicks on Open the course]]
[Test worker] WARN net.thucydides.core.steps.BaseStepListener - stepStarted: net.thucydides.core.steps.ExecutedStepDescription@710742e8
[Test worker] WARN net.thucydides.core.steps.BaseStepListener - stepStarted: net.thucydides.core.steps.ExecutedStepDescription@1fa022b7
[Test worker] WARN net.thucydides.core.steps.BaseStepListener - stepFinished: current outcome:Search for automation course:Given than Brandon wants to learn automation at the academy Choucair [Brandon open up [Brandon opens the Choucair academy page], Brandon login [Brandon clicks on button that shows us the form the login, Brandon enters '8820413' into Where the user write the username, Brandon enters 'Choucair2021*' into Where the user write the password, Brandon clicks on Button to access]], When he search for the course Metodología Bancolombia  on the choucair academy platform [Brandon search [Brandon clicks on Choose what kind of course, Brandon enters 'Metodología Bancolombia ' into Where the user write the course, Brandon clicks on Click me to search the course, Brandon clicks on Open the course]], Then he find the course called course Metodología Bancolombia [Then answer]
[Test worker] WARN net.thucydides.core.steps.BaseStepListener - stepFinished: current outcome:Search for automation course:Given than Brandon wants to learn automation at the academy Choucair [Brandon open up [Brandon opens the Choucair academy page], Brandon login [Brandon clicks on button that shows us the form the login, Brandon enters '8820413' into Where the user write the username, Brandon enters 'Choucair2021*' into Where the user write the password, Brandon clicks on Button to access]], When he search for the course Metodología Bancolombia  on the choucair academy platform [Brandon search [Brandon clicks on Choose what kind of course, Brandon enters 'Metodología Bancolombia ' into Where the user write the course, Brandon clicks on Click me to search the course, Brandon clicks on Open the course]], Then he find the course called course Metodología Bancolombia [Then answer]
[Test worker] WARN net.thucydides.core.steps.BaseStepListener - testFinished: Search for automation course:Given than Brandon wants to learn automation at the academy Choucair [Brandon open up [Brandon opens the Choucair academy page], Brandon login [Brandon clicks on button that shows us the form the login, Brandon enters '8820413' into Where the user write the username, Brandon enters 'Choucair2021*' into Where the user write the password, Brandon clicks on Button to access]], When he search for the course Metodología Bancolombia  on the choucair academy platform [Brandon search [Brandon clicks on Choose what kind of course, Brandon enters 'Metodología Bancolombia ' into Where the user write the course, Brandon clicks on Click me to search the course, Brandon clicks on Open the course]], Then he find the course called course Metodología Bancolombia [Then answer]
[Test worker] WARN net.thucydides.core.steps.BaseStepListener - TestOutcomes: [Search for automation course:Given than Brandon wants to learn automation at the academy Choucair [Brandon open up [Brandon opens the Choucair academy page], Brandon login [Brandon clicks on button that shows us the form the login, Brandon enters '8820413' into Where the user write the username, Brandon enters 'Choucair2021*' into Where the user write the password, Brandon clicks on Button to access]], When he search for the course Metodología Bancolombia  on the choucair academy platform [Brandon search [Brandon clicks on Choose what kind of course, Brandon enters 'Metodología Bancolombia ' into Where the user write the course, Brandon clicks on Click me to search the course, Brandon clicks on Open the course]], Then he find the course called course Metodología Bancolombia [Then answer]]
[Test worker] WARN net.thucydides.core.steps.BaseStepListener - Final testOutcomes: [Search for automation course:Given than Brandon wants to learn automation at the academy Choucair [Brandon open up [Brandon opens the Choucair academy page], Brandon login [Brandon clicks on button that shows us the form the login, Brandon enters '8820413' into Where the user write the username, Brandon enters 'Choucair2021*' into Where the user write the password, Brandon clicks on Button to access]], When he search for the course Metodología Bancolombia  on the choucair academy platform [Brandon search [Brandon clicks on Choose what kind of course, Brandon enters 'Metodología Bancolombia ' into Where the user write the course, Brandon clicks on Click me to search the course, Brandon clicks on Open the course]], Then he find the course called course Metodología Bancolombia [Then answer]]
[Test worker] INFO net.thucydides.core.steps.ConsoleLoggingListener - 
        __    _____ _____ ____ _____   ____   _    ____  ____  _____ ____  
  _     \ \  |_   _| ____/ ___|_   _| |  _ \ / \  / ___|/ ___|| ____|  _ \ 
 (_)_____| |   | | |  _| \___ \ | |   | |_) / _ \ \___ \\___ \|  _| | | | |
  _|_____| |   | | | |___ ___) || |   |  __/ ___ \ ___) |___) | |___| |_| |
 (_)     | |   |_| |_____|____/ |_|   |_| /_/   \_\____/|____/|_____|____/ 
        /_/                                                                

TEST PASSED: Search for automation course
----------------------------------------------------------------------------
]]></system-err>
</testsuite>
