<?xml version="1.0" encoding="UTF-8"?>
<testsuite name="Academy Choucair" tests="1" skipped="0" failures="0" errors="0" timestamp="2021-07-18T17:39:01" hostname="DESKTOP-CEPUD8D" time="42.977">
  <properties/>
  <testcase name="Search for automation course" classname="Academy Choucair" time="42.977"/>
  <system-out><![CDATA[]]></system-out>
  <system-err><![CDATA[[Test worker] WARN net.thucydides.core.steps.BaseStepListener - stepStarted: net.thucydides.core.steps.ExecutedStepDescription@fbcc6c8
[Test worker] WARN net.thucydides.core.steps.BaseStepListener - stepStarted: net.thucydides.core.steps.ExecutedStepDescription@14088b48
[Test worker] WARN net.thucydides.core.steps.BaseStepListener - stepStarted: net.thucydides.core.steps.ExecutedStepDescription@4ca3d270
jul 18, 2021 12:39:02 PM org.openqa.selenium.remote.DesiredCapabilities chrome
INFORMACIÓN: Using `new ChromeOptions()` is preferred to `DesiredCapabilities.chrome()`
[Test worker] INFO net.serenitybdd.core.webdriver.driverproviders.ProvideNewDriver - Instantiating driver
[Test worker] INFO net.serenitybdd.core.webdriver.driverproviders.ProvideNewDriver - Driver capabilities: Capabilities {acceptInsecureCerts: false, browserName: chrome, chrome.switches: --start-maximized, goog:chromeOptions: {args: [--start-maximized], extensions: []}, loggingPrefs: org.openqa.selenium.logging..., platform: ANY, version: }
Starting ChromeDriver 91.0.4472.101 (af52a90bf87030dd1523486a1cd3ae25c5d76c9b-refs/branch-heads/4472@{#1462}) on port 46876
Only local connections are allowed.
Please see https://chromedriver.chromium.org/security-considerations for suggestions on keeping ChromeDriver safe.
ChromeDriver was started successfully.
jul 18, 2021 12:39:07 PM org.openqa.selenium.remote.ProtocolHandshake createSession
INFORMACIÓN: Detected dialect: W3C
[Test worker] WARN net.thucydides.core.steps.BaseStepListener - stepFinished: current outcome:Search for automation course:Given than Brandon wants to learn automation at the academy Choucair
| strUser | strPassword |
| 8820413 | Choucair2021* | [Brandon open up [Brandon opens the Choucair academy page]]
[Test worker] WARN net.thucydides.core.steps.BaseStepListener - stepFinished: current outcome:Search for automation course:Given than Brandon wants to learn automation at the academy Choucair
| strUser | strPassword |
| 8820413 | Choucair2021* | [Brandon open up [Brandon opens the Choucair academy page]]
[Test worker] WARN net.thucydides.core.steps.BaseStepListener - stepStarted: net.thucydides.core.steps.ExecutedStepDescription@3266d83c
[Test worker] WARN net.thucydides.core.steps.BaseStepListener - stepStarted: net.thucydides.core.steps.ExecutedStepDescription@5d5644b5
[Test worker] WARN net.thucydides.core.steps.BaseStepListener - stepFinished: current outcome:Search for automation course:Given than Brandon wants to learn automation at the academy Choucair
| strUser | strPassword |
| 8820413 | Choucair2021* | [Brandon open up [Brandon opens the Choucair academy page], Brandon login [Brandon clicks on button that shows us the form the login]]
[Test worker] WARN net.thucydides.core.steps.BaseStepListener - stepStarted: net.thucydides.core.steps.ExecutedStepDescription@70479bc0
[Test worker] WARN net.thucydides.core.steps.BaseStepListener - stepFinished: current outcome:Search for automation course:Given than Brandon wants to learn automation at the academy Choucair
| strUser | strPassword |
| 8820413 | Choucair2021* | [Brandon open up [Brandon opens the Choucair academy page], Brandon login [Brandon clicks on button that shows us the form the login, Brandon enters '8820413' into Where the user write the username]]
[Test worker] WARN net.thucydides.core.steps.BaseStepListener - stepStarted: net.thucydides.core.steps.ExecutedStepDescription@504dbe01
[Test worker] WARN net.thucydides.core.steps.BaseStepListener - stepFinished: current outcome:Search for automation course:Given than Brandon wants to learn automation at the academy Choucair
| strUser | strPassword |
| 8820413 | Choucair2021* | [Brandon open up [Brandon opens the Choucair academy page], Brandon login [Brandon clicks on button that shows us the form the login, Brandon enters '8820413' into Where the user write the username, Brandon enters 'Choucair2021*' into Where the user write the password]]
[Test worker] WARN net.thucydides.core.steps.BaseStepListener - stepStarted: net.thucydides.core.steps.ExecutedStepDescription@3cf0835f
[Test worker] WARN net.thucydides.core.steps.BaseStepListener - stepFinished: current outcome:Search for automation course:Given than Brandon wants to learn automation at the academy Choucair
| strUser | strPassword |
| 8820413 | Choucair2021* | [Brandon open up [Brandon opens the Choucair academy page], Brandon login [Brandon clicks on button that shows us the form the login, Brandon enters '8820413' into Where the user write the username, Brandon enters 'Choucair2021*' into Where the user write the password, Brandon clicks on Button to access]]
[Test worker] WARN net.thucydides.core.steps.BaseStepListener - stepFinished: current outcome:Search for automation course:Given than Brandon wants to learn automation at the academy Choucair
| strUser | strPassword |
| 8820413 | Choucair2021* | [Brandon open up [Brandon opens the Choucair academy page], Brandon login [Brandon clicks on button that shows us the form the login, Brandon enters '8820413' into Where the user write the username, Brandon enters 'Choucair2021*' into Where the user write the password, Brandon clicks on Button to access]]
[Test worker] WARN net.thucydides.core.steps.BaseStepListener - stepFinished: current outcome:Search for automation course:Given than Brandon wants to learn automation at the academy Choucair
| strUser | strPassword |
| 8820413 | Choucair2021* | [Brandon open up [Brandon opens the Choucair academy page], Brandon login [Brandon clicks on button that shows us the form the login, Brandon enters '8820413' into Where the user write the username, Brandon enters 'Choucair2021*' into Where the user write the password, Brandon clicks on Button to access]]
[Test worker] WARN net.thucydides.core.steps.BaseStepListener - stepStarted: net.thucydides.core.steps.ExecutedStepDescription@6deae7b2
[Test worker] WARN net.thucydides.core.steps.BaseStepListener - stepStarted: net.thucydides.core.steps.ExecutedStepDescription@1db29172
[Test worker] WARN net.thucydides.core.steps.BaseStepListener - stepStarted: net.thucydides.core.steps.ExecutedStepDescription@75d59321
[Test worker] WARN net.thucydides.core.steps.BaseStepListener - stepFinished: current outcome:Search for automation course:Given than Brandon wants to learn automation at the academy Choucair
| strUser | strPassword |
| 8820413 | Choucair2021* | [Brandon open up [Brandon opens the Choucair academy page], Brandon login [Brandon clicks on button that shows us the form the login, Brandon enters '8820413' into Where the user write the username, Brandon enters 'Choucair2021*' into Where the user write the password, Brandon clicks on Button to access]], When he search for the course on the choucair academy platform
| strCourse |
| Metodología Bancolombia | [Brandon search [Brandon clicks on Choose what kind of course]]
[Test worker] WARN net.thucydides.core.steps.BaseStepListener - stepStarted: net.thucydides.core.steps.ExecutedStepDescription@61487a0e
[Test worker] WARN net.thucydides.core.steps.BaseStepListener - stepFinished: current outcome:Search for automation course:Given than Brandon wants to learn automation at the academy Choucair
| strUser | strPassword |
| 8820413 | Choucair2021* | [Brandon open up [Brandon opens the Choucair academy page], Brandon login [Brandon clicks on button that shows us the form the login, Brandon enters '8820413' into Where the user write the username, Brandon enters 'Choucair2021*' into Where the user write the password, Brandon clicks on Button to access]], When he search for the course on the choucair academy platform
| strCourse |
| Metodología Bancolombia | [Brandon search [Brandon clicks on Choose what kind of course, Brandon enters 'Metodología Bancolombia' into Where the user write the course]]
[Test worker] WARN net.thucydides.core.steps.BaseStepListener - stepStarted: net.thucydides.core.steps.ExecutedStepDescription@4fc1aad7
[Test worker] WARN net.thucydides.core.steps.BaseStepListener - stepFinished: current outcome:Search for automation course:Given than Brandon wants to learn automation at the academy Choucair
| strUser | strPassword |
| 8820413 | Choucair2021* | [Brandon open up [Brandon opens the Choucair academy page], Brandon login [Brandon clicks on button that shows us the form the login, Brandon enters '8820413' into Where the user write the username, Brandon enters 'Choucair2021*' into Where the user write the password, Brandon clicks on Button to access]], When he search for the course on the choucair academy platform
| strCourse |
| Metodología Bancolombia | [Brandon search [Brandon clicks on Choose what kind of course, Brandon enters 'Metodología Bancolombia' into Where the user write the course, Brandon clicks on Click me to search the course]]
[Test worker] WARN net.thucydides.core.steps.BaseStepListener - stepStarted: net.thucydides.core.steps.ExecutedStepDescription@54a0b434
[Test worker] WARN net.thucydides.core.steps.BaseStepListener - stepFinished: current outcome:Search for automation course:Given than Brandon wants to learn automation at the academy Choucair
| strUser | strPassword |
| 8820413 | Choucair2021* | [Brandon open up [Brandon opens the Choucair academy page], Brandon login [Brandon clicks on button that shows us the form the login, Brandon enters '8820413' into Where the user write the username, Brandon enters 'Choucair2021*' into Where the user write the password, Brandon clicks on Button to access]], When he search for the course on the choucair academy platform
| strCourse |
| Metodología Bancolombia | [Brandon search [Brandon clicks on Choose what kind of course, Brandon enters 'Metodología Bancolombia' into Where the user write the course, Brandon clicks on Click me to search the course, Brandon clicks on Open the course]]
[Test worker] WARN net.thucydides.core.steps.BaseStepListener - stepFinished: current outcome:Search for automation course:Given than Brandon wants to learn automation at the academy Choucair
| strUser | strPassword |
| 8820413 | Choucair2021* | [Brandon open up [Brandon opens the Choucair academy page], Brandon login [Brandon clicks on button that shows us the form the login, Brandon enters '8820413' into Where the user write the username, Brandon enters 'Choucair2021*' into Where the user write the password, Brandon clicks on Button to access]], When he search for the course on the choucair academy platform
| strCourse |
| Metodología Bancolombia | [Brandon search [Brandon clicks on Choose what kind of course, Brandon enters 'Metodología Bancolombia' into Where the user write the course, Brandon clicks on Click me to search the course, Brandon clicks on Open the course]]
[Test worker] WARN net.thucydides.core.steps.BaseStepListener - stepFinished: current outcome:Search for automation course:Given than Brandon wants to learn automation at the academy Choucair
| strUser | strPassword |
| 8820413 | Choucair2021* | [Brandon open up [Brandon opens the Choucair academy page], Brandon login [Brandon clicks on button that shows us the form the login, Brandon enters '8820413' into Where the user write the username, Brandon enters 'Choucair2021*' into Where the user write the password, Brandon clicks on Button to access]], When he search for the course on the choucair academy platform
| strCourse |
| Metodología Bancolombia | [Brandon search [Brandon clicks on Choose what kind of course, Brandon enters 'Metodología Bancolombia' into Where the user write the course, Brandon clicks on Click me to search the course, Brandon clicks on Open the course]]
[Test worker] WARN net.thucydides.core.steps.BaseStepListener - stepStarted: net.thucydides.core.steps.ExecutedStepDescription@68d6849b
[Test worker] WARN net.thucydides.core.steps.BaseStepListener - stepStarted: net.thucydides.core.steps.ExecutedStepDescription@cafb852
[Test worker] WARN net.thucydides.core.steps.BaseStepListener - stepFinished: current outcome:Search for automation course:Given than Brandon wants to learn automation at the academy Choucair
| strUser | strPassword |
| 8820413 | Choucair2021* | [Brandon open up [Brandon opens the Choucair academy page], Brandon login [Brandon clicks on button that shows us the form the login, Brandon enters '8820413' into Where the user write the username, Brandon enters 'Choucair2021*' into Where the user write the password, Brandon clicks on Button to access]], When he search for the course on the choucair academy platform
| strCourse |
| Metodología Bancolombia | [Brandon search [Brandon clicks on Choose what kind of course, Brandon enters 'Metodología Bancolombia' into Where the user write the course, Brandon clicks on Click me to search the course, Brandon clicks on Open the course]], Then he find the course called
| strCourse |
| Metodología Bancolombia | [Then answer]
[Test worker] WARN net.thucydides.core.steps.BaseStepListener - stepFinished: current outcome:Search for automation course:Given than Brandon wants to learn automation at the academy Choucair
| strUser | strPassword |
| 8820413 | Choucair2021* | [Brandon open up [Brandon opens the Choucair academy page], Brandon login [Brandon clicks on button that shows us the form the login, Brandon enters '8820413' into Where the user write the username, Brandon enters 'Choucair2021*' into Where the user write the password, Brandon clicks on Button to access]], When he search for the course on the choucair academy platform
| strCourse |
| Metodología Bancolombia | [Brandon search [Brandon clicks on Choose what kind of course, Brandon enters 'Metodología Bancolombia' into Where the user write the course, Brandon clicks on Click me to search the course, Brandon clicks on Open the course]], Then he find the course called
| strCourse |
| Metodología Bancolombia | [Then answer]
[Test worker] WARN net.thucydides.core.steps.BaseStepListener - testFinished: Search for automation course:Given than Brandon wants to learn automation at the academy Choucair
| strUser | strPassword |
| 8820413 | Choucair2021* | [Brandon open up [Brandon opens the Choucair academy page], Brandon login [Brandon clicks on button that shows us the form the login, Brandon enters '8820413' into Where the user write the username, Brandon enters 'Choucair2021*' into Where the user write the password, Brandon clicks on Button to access]], When he search for the course on the choucair academy platform
| strCourse |
| Metodología Bancolombia | [Brandon search [Brandon clicks on Choose what kind of course, Brandon enters 'Metodología Bancolombia' into Where the user write the course, Brandon clicks on Click me to search the course, Brandon clicks on Open the course]], Then he find the course called
| strCourse |
| Metodología Bancolombia | [Then answer]
[Test worker] WARN net.thucydides.core.steps.BaseStepListener - TestOutcomes: [Search for automation course:Given than Brandon wants to learn automation at the academy Choucair
| strUser | strPassword |
| 8820413 | Choucair2021* | [Brandon open up [Brandon opens the Choucair academy page], Brandon login [Brandon clicks on button that shows us the form the login, Brandon enters '8820413' into Where the user write the username, Brandon enters 'Choucair2021*' into Where the user write the password, Brandon clicks on Button to access]], When he search for the course on the choucair academy platform
| strCourse |
| Metodología Bancolombia | [Brandon search [Brandon clicks on Choose what kind of course, Brandon enters 'Metodología Bancolombia' into Where the user write the course, Brandon clicks on Click me to search the course, Brandon clicks on Open the course]], Then he find the course called
| strCourse |
| Metodología Bancolombia | [Then answer]]
[Test worker] WARN net.thucydides.core.steps.BaseStepListener - Final testOutcomes: [Search for automation course:Given than Brandon wants to learn automation at the academy Choucair
| strUser | strPassword |
| 8820413 | Choucair2021* | [Brandon open up [Brandon opens the Choucair academy page], Brandon login [Brandon clicks on button that shows us the form the login, Brandon enters '8820413' into Where the user write the username, Brandon enters 'Choucair2021*' into Where the user write the password, Brandon clicks on Button to access]], When he search for the course on the choucair academy platform
| strCourse |
| Metodología Bancolombia | [Brandon search [Brandon clicks on Choose what kind of course, Brandon enters 'Metodología Bancolombia' into Where the user write the course, Brandon clicks on Click me to search the course, Brandon clicks on Open the course]], Then he find the course called
| strCourse |
| Metodología Bancolombia | [Then answer]]
[Test worker] INFO net.thucydides.core.steps.ConsoleLoggingListener - 
        __    _____ _____ ____ _____   ____   _    ____  ____  _____ ____  
  _     \ \  |_   _| ____/ ___|_   _| |  _ \ / \  / ___|/ ___|| ____|  _ \ 
 (_)_____| |   | | |  _| \___ \ | |   | |_) / _ \ \___ \\___ \|  _| | | | |
  _|_____| |   | | | |___ ___) || |   |  __/ ___ \ ___) |___) | |___| |_| |
 (_)     | |   |_| |_____|____/ |_|   |_| /_/   \_\____/|____/|_____|____/ 
        /_/                                                                

TEST PASSED: Search for automation course
----------------------------------------------------------------------------
]]></system-err>
</testsuite>
